<?xml version="1.0" encoding="UTF-8"?>
<!-- Generated by org.testng.reporters.JUnitReportReporter -->
<testsuite hostname="LAPTOP-QUC9GRLJ" failures="0" tests="15" name="testCases.GLDTTestcase3" time="124.490" errors="1" timestamp="2023-03-24T20:06:05 IST" skipped="0">
  <testcase classname="testCases.GLDTTestcase3" name="logout" time="9.318">
    <error message="Cannot invoke &quot;org.openqa.selenium.WebDriver.quit()&quot; because &quot;testCases.GLDTTestcase3.driver&quot; is null" type="java.lang.NullPointerException">
      <![CDATA[java.lang.NullPointerException: Cannot invoke "org.openqa.selenium.WebDriver.quit()" because "testCases.GLDTTestcase3.driver" is null
at testCases.GLDTTestcase3.logout(GLDTTestcase3.java:173)
at java.base/jdk.internal.reflect.DirectMethodHandleAccessor.invoke(DirectMethodHandleAccessor.java:104)
at java.base/java.lang.reflect.Method.invoke(Method.java:578)
at org.testng.internal.invokers.MethodInvocationHelper.invokeMethod(MethodInvocationHelper.java:139)
at org.testng.internal.invokers.MethodInvocationHelper.invokeMethodConsideringTimeout(MethodInvocationHelper.java:69)
at org.testng.internal.invokers.ConfigInvoker.invokeConfigurationMethod(ConfigInvoker.java:361)
at org.testng.internal.invokers.ConfigInvoker.invokeConfigurations(ConfigInvoker.java:296)
at org.testng.TestRunner.invokeTestConfigurations(TestRunner.java:644)
at org.testng.TestRunner.afterRun(TestRunner.java:914)
at org.testng.TestRunner.run(TestRunner.java:605)
at org.testng.SuiteRunner.runTest(SuiteRunner.java:437)
at org.testng.SuiteRunner.runSequentially(SuiteRunner.java:431)
at org.testng.SuiteRunner.privateRun(SuiteRunner.java:391)
at org.testng.SuiteRunner.run(SuiteRunner.java:330)
at org.testng.SuiteRunnerWorker.runSuite(SuiteRunnerWorker.java:52)
at org.testng.SuiteRunnerWorker.run(SuiteRunnerWorker.java:95)
at org.testng.TestNG.runSuitesSequentially(TestNG.java:1256)
at org.testng.TestNG.runSuitesLocally(TestNG.java:1176)
at org.testng.TestNG.runSuites(TestNG.java:1099)
at org.testng.TestNG.run(TestNG.java:1067)
at org.testng.remote.AbstractRemoteTestNG.run(AbstractRemoteTestNG.java:115)
at org.testng.remote.RemoteTestNG.initAndRun(RemoteTestNG.java:251)
at org.testng.remote.RemoteTestNG.main(RemoteTestNG.java:77)
]]>
    </error>
  </testcase> <!-- logout -->
  <system-out/>
  <testcase classname="testCases.GLDTTestcase3" name="Ropu_login" time="9.840"/>
  <system-out/>
  <testcase classname="testCases.GLDTTestcase3" name="Opens_ExistingROLDCase" time="8.170"/>
  <system-out/>
  <testcase classname="testCases.GLDTTestcase3" name="captureROLD_id" time="2.110"/>
  <system-out/>
  <testcase classname="testCases.GLDTTestcase3" name="Select_BestDate_ePAF_Submission_Date" time="11.236"/>
  <system-out/>
  <testcase classname="testCases.GLDTTestcase3" name="Select_BaseDate_ePAF_Submission_Date" time="7.149"/>
  <system-out/>
  <testcase classname="testCases.GLDTTestcase3" name="Select_AcheivedDate_ePAF_Submission_Date" time="12.291"/>
  <system-out/>
  <testcase classname="testCases.GLDTTestcase3" name="Checkbox_PR_Dossier_Submission_Date_Column" time="9.179"/>
  <system-out/>
  <testcase classname="testCases.GLDTTestcase3" name="checkbox_Cut_Off_Date_for_IPR_Column" time="8.868"/>
  <system-out/>
  <testcase classname="testCases.GLDTTestcase3" name="checkbox_officialPriceUnreimbursed" time="4.019"/>
  <system-out/>
  <testcase classname="testCases.GLDTTestcase3" name="checkbox_officialPriceReimbursed" time="9.929"/>
  <system-out/>
  <testcase classname="testCases.GLDTTestcase3" name="checkbox_Unreimbursed" time="6.912"/>
  <system-out/>
  <testcase classname="testCases.GLDTTestcase3" name="checkbox_Reimbursed" time="9.921"/>
  <system-out/>
  <testcase classname="testCases.GLDTTestcase3" name="CompleteButton" time="6.311"/>
  <system-out/>
  <testcase classname="testCases.GLDTTestcase3" name="CloseButton" time="9.237"/>
  <system-out/>
</testsuite> <!-- testCases.GLDTTestcase3 -->
