<?xml version="1.0" encoding="UTF-8"?>
<!-- Generated by org.testng.reporters.JUnitReportReporter -->
<testsuite hostname="LAPTOP-QUC9GRLJ" failures="0" tests="11" name="testCases.GLDTTestcase2" time="82.718" errors="0" timestamp="2023-03-24T20:03:47 IST" skipped="0">
  <testcase classname="testCases.GLDTTestcase2" name="RegulatoryAffairs_Login" time="9.813"/>
  <system-out/>
  <testcase classname="testCases.GLDTTestcase2" name="openRALDcase" time="10.731"/>
  <system-out/>
  <testcase classname="testCases.GLDTTestcase2" name="captureRALD_id" time="2.091"/>
  <system-out/>
  <testcase classname="testCases.GLDTTestcase2" name="click_on_bestid" time="7.141"/>
  <system-out/>
  <testcase classname="testCases.GLDTTestcase2" name="click_on_baseid" time="7.065"/>
  <system-out/>
  <testcase classname="testCases.GLDTTestcase2" name="click_on_Achieveddate" time="12.018"/>
  <system-out/>
  <testcase classname="testCases.GLDTTestcase2" name="checkApprovalDate" time="4.312"/>
  <system-out/>
  <testcase classname="testCases.GLDTTestcase2" name="initiateropuprocess" time="8.687"/>
  <system-out/>
  <testcase classname="testCases.GLDTTestcase2" name="Click_on_ok" time="3.733"/>
  <system-out/>
  <testcase classname="testCases.GLDTTestcase2" name="Click_on_complete" time="8.249"/>
  <system-out/>
  <testcase classname="testCases.GLDTTestcase2" name="Click_on_close" time="8.878"/>
  <system-out/>
</testsuite> <!-- testCases.GLDTTestcase2 -->
